c:\users\neeraj\source\repos\bankingproject\bankingproject\debug\vc142.pdb
c:\users\neeraj\source\repos\bankingproject\bankingproject\debug\vc142.idb
c:\users\neeraj\source\repos\bankingproject\bankingproject\debug\user.obj
c:\users\neeraj\source\repos\bankingproject\bankingproject\debug\loginsystem.obj
c:\users\neeraj\source\repos\bankingproject\bankingproject\debug\bankingproject.obj
c:\users\neeraj\source\repos\bankingproject\bankingproject\debug\bank.obj
c:\users\neeraj\desktop\bankingproject\bankingproject\debug\vc142.pdb
c:\users\neeraj\desktop\bankingproject\bankingproject\debug\vc142.idb
c:\users\neeraj\desktop\bankingproject\bankingproject\debug\user.obj
c:\users\neeraj\desktop\bankingproject\bankingproject\debug\loginsystem.obj
c:\users\neeraj\desktop\bankingproject\bankingproject\debug\bankingproject.obj
c:\users\neeraj\desktop\bankingproject\bankingproject\debug\bank.obj
c:\users\neeraj\source\repos\bankingproject\debug\bankingproject.exe
c:\users\neeraj\source\repos\bankingproject\debug\bankingproject.ilk
c:\users\neeraj\source\repos\bankingproject\debug\bankingproject.pdb
c:\users\neeraj\desktop\bankingproject\debug\bankingproject.pdb
c:\users\neeraj\desktop\bankingproject\debug\bankingproject.exe
c:\users\neeraj\desktop\bankingproject\debug\bankingproject.ilk
c:\users\neeraj\desktop\bankingproject\bankingproject\debug\bankingproject.tlog\cl.command.1.tlog
c:\users\neeraj\desktop\bankingproject\bankingproject\debug\bankingproject.tlog\cl.read.1.tlog
c:\users\neeraj\desktop\bankingproject\bankingproject\debug\bankingproject.tlog\cl.write.1.tlog
c:\users\neeraj\desktop\bankingproject\bankingproject\debug\bankingproject.tlog\link.command.1.tlog
c:\users\neeraj\desktop\bankingproject\bankingproject\debug\bankingproject.tlog\link.read.1.tlog
c:\users\neeraj\desktop\bankingproject\bankingproject\debug\bankingproject.tlog\link.write.1.tlog
